//后台服务器下发充电桩开启充电控制命令
[2023-07-26 13:41:57.08 Begin dump, RX 113 Bytes(cmd=7(0x07)), at [recvPacket() CProtocol.cpp:115] ]:
AA F5 71 00 04 11 07 00 00 00 00 00 01 00 00 00 00 7D 5E 06 00 00 00 00 00
00 00 00 00 20 23 07 26 13 41 58 FF 00 34 30 31 32 33 32 31 33 00 00 00 00
00 00 00 00 00 00 00 00 00 00 00 00 00 00 00 00 00 00 00 00 00 A0 86 01 00
32 30 32 33 30 37 32 36 31 33 34 31 33 33 39 33 35 39 39 37 00 00 00 00 00
00 00 00 00 00 00 00 00 A3 3C 97 00 40 

//充电桩对后台下发的充电桩开启充电控制应答
[2023-07-26 13:41:58.57 Begin dump, TX 82 Bytes(cmd=8(0x08)), at [sendPacket() CProtocol.cpp:144] ]:
AA F5 52 00 02 11 08 00 00 00 00 00 32 30 32 33 30 34 30 36 30 30 30 30 30
30 30 31 00 00 00 00 00 00 00 00 00 00 00 00 00 00 00 00 01 00 00 00 00 32
30 32 33 30 37 32 36 31 33 34 31 33 33 39 33 35 39 39 37 00 00 00 00 00 00
00 00 00 00 00 00 2A

//充电桩上报充电启动完成命令
[2023-07-26 13:42:30.80 Begin dump, TX 168 Bytes(cmd=110(0x6E)), at [sendPacket() CProtocol.cpp:144] ]:
AA F5 A8 00 02 9D 6E 00 00 00 00 00 32 30 32 33 30 34 30 36 30 30 30 30 30
30 30 31 00 00 00 00 00 00 00 00 00 00 00 00 00 00 00 00 01 00 00 00 00 01
00 00 00 00 00 00 00 01 01 00 00 E8 03 00 00 E7 03 00 00 00 00 00 00 00 00
00 00 00 00 00 00 00 00 00 00 00 00 56 49 4E 30 30 54 45 53 54 30 30 32 34
30 30 30 34 00 00 00 00 00 00 00 00 F4 01 00 00 40 1F 00 00 78 69 00 00 06
27 00 00 8B 00 00 2C 7E 00 00 32 30 32 33 30 37 32 36 31 33 34 31 33 33 39
33 35 39 39 37 00 00 00 00 00 00 00 00 00 00 00 00 16

//服务器应答充电桩启动完成命令
[2023-07-26 13:42:32.52 Begin dump, RX 13 Bytes(cmd=109(0x6D)), at [recvPacket() CProtocol.cpp:115] ]:
AA F5 0D 00 04 9D 6D 00 00 00 00 00 6D

//后台服务器下发充电桩控制命令
[2023-07-26 13:56:06.23 Begin dump, RX 25 Bytes(cmd=5(0x05)), at [recvPacket() CProtocol.cpp:115] ]:
AA F5 19 00 04 13 05 00 00 00 00 00 01 02 00 00 00 01 04 00 55 00 00 00 62 

//充电桩对后台控制命令应答
[2023-07-26 13:56:06.92 Begin dump, TX 52 Bytes(cmd=6(0x06)), at [sendPacket() CProtocol.cpp:144] ]:
AA F5 34 00 02 13 06 00 00 00 00 00 32 30 32 33 30 34 30 36 30 30 30 30 30
30 30 31 00 00 00 00 00 00 00 00 00 00 00 00 00 00 00 00 01 02 00 00 00 01

//充电结束上报充电记录信息（CMD=202/222）
[2023-07-26 13:56:14.86 Begin dump, TX 443 Bytes(cmd=222(0xDE)), at [sendPacket() CProtocol.cpp:144] ]:
AA F5 BB 01 02 E6 DE 00 00 00 00 00 32 30 32 33 30 34 30 36 30 30 30 30 30
30 30 31 00 00 00 00 00 00 00 00 00 00 00 00 00 00 00 00 01 01 34 30 31 32
33 32 31 33 00 00 00 00 00 00 00 00 00 00 00 00 00 00 00 00 00 00 00 00 00
00 00 00 20 23 07 26 13 53 38 FF 20 23 07 26 13 56 15 FF 9D 00 00 00 00 07
37 01 00 00 1A 16 00 00 0D 34 00 00 27 4A 00 00 FD 01 00 00 07 00 00 00 00
00 00 00 00 00 00 00 00 00 00 00 00 00 00 00 00 00 53 49 4E 45 58 43 45 4C
31 32 33 34 35 36 37 38 39 00 00 00 00 00 00 00 00 00 00 00 00 00 00 00 00
00 00 00 00 00 00 00 00 00 00 00 00 00 00 00 00 00 00 00 00 00 00 00 00 00
00 00 00 00 00 00 00 00 00 00 00 00 00 00 00 00 00 00 00 00 00 00 00 00 00
00 00 00 00 00 00 00 00 00 00 00 00 00 00 00 00 00 00 00 00 00 00 00 00 00
00 00 00 00 00 00 00 00 00 00 00 00 00 00 00 00 00 00 00 00 00 00 00 00 00
1A 16 00 00 00 00 00 00 00 00 00 00 00 00 00 00 00 00 00 00 00 00 00 00 00
00 00 00 00 00 00 00 00 00 00 00 00 00 00 00 00 00 00 00 00 00 00 00 00 00
00 00 00 00 00 00 00 00 00 00 00 00 00 00 00 00 00 00 00 00 00 00 00 00 00
00 00 00 00 00 00 00 00 00 01 32 30 32 33 30 37 32 36 31 33 35 33 33 32 34
39 37 31 31 31 00 00 00 00 00 00 00 00 00 00 00 00 00 00 00 00 08 01 02 00
00 00 00 00 00 00 00 00 00 00 00 00 00 00 00 00 00 00 00 00 00 00 00 00 00
00 00 00 00 00 00 00 00 00 00 00 00 00 00 00 00 00 B1 

//服务器应答充电桩上报充电信息报文（CMD=201/221）
[2023-07-26 13:56:17.47 Begin dump, RX 75 Bytes(cmd=221(0xDD)), at [recvPacket() CProtocol.cpp:115] ]:
AA F5 4B 00 04 E6 DD 00 00 00 00 00 01 34 30 31 32 33 32 31 33 00 00 00 00
00 00 00 00 00 00 00 00 00 00 00 00 00 00 00 00 00 00 00 00 07 00 00 00 00
00 00 00 00 00 00 00 00 00 00 00 00 14 38 97 00 C5 01 00 00 39 00 00 00 57 