[I 2024-04-17 14:46:18:798]  [1] YY COM: Recv 25 Bytes(CMD=5[0X5]) [CSinexcelClient.cpp:418 pid:4308 tid:4314] :
AA F5 19 00 04 09 05 00 00 00 00 00 01 17 00 00 00 01 04 00 00 00 00 00 22


 [I 2024-04-17 14:46:18:799]  [1] YY COM: Send 52 Bytes(CMD=6[0X6]) [CSinexcelClient.cpp:406 pid:4308 tid:4314] :
AA F5 34 00 34 2C 06 00 00 00 00 00 54 65 73 74 32 30 32 34 30 34 30 37 30
30 30 32 00 34 EB 00 30 A6 E3 7E 4C 64 EB 00 30 00 00 00 01 00 00 00 00 00
01 1E

 [I 2024-04-17 14:46:54:840]  [1] YY COM: Recv 25 Bytes(CMD=5[0X5]) [CSinexcelClient.cpp:418 pid:4308 tid:4314] :
AA F5 19 00 04 0A 05 00 00 00 00 00 01 17 00 00 00 01 04 00 00 00 00 00 22


 [I 2024-04-17 14:46:54:841]  [1] YY COM: Send 52 Bytes(CMD=6[0X6]) [CSinexcelClient.cpp:406 pid:4308 tid:4314] :
AA F5 34 00 34 2D 06 00 00 00 00 00 54 65 73 74 32 30 32 34 30 34 30 37 30
30 30 32 00 34 EB 00 30 A6 E3 7E 4C 64 EB 00 30 00 00 00 01 00 00 00 00 00
01 1E

[I 2024-04-17 14:48:16:295]  [1] YY COM: Recv 25 Bytes(CMD=5[0X5]) [CSinexcelClient.cpp:418 pid:4308 tid:4314] :
AA F5 19 00 04 0B 05 00 00 00 00 00 02 17 00 00 00 01 04 00 00 00 00 00 23

 [I 2024-04-17 14:48:16:298]  [1] YY COM: Send 52 Bytes(CMD=6[0X6]) [CSinexcelClient.cpp:406 pid:4308 tid:4314] :
AA F5 34 00 34 34 06 00 00 00 00 00 54 65 73 74 32 30 32 34 30 34 30 37 30
30 30 32 00 34 EB 00 30 A6 E3 7E 4C 64 EB 00 30 00 00 00 02 00 00 00 00 00
01 1F

 [I 2024-04-17 15:47:16:137]  [1] YY COM: Recv 25 Bytes(CMD=5[0X5]) [CSinexcelClient.cpp:418 pid:4308 tid:4314] :
AA F5 19 00 04 0F 05 00 00 00 00 00 00 0B 00 00 00 01 04 00 55 00 00 00 6A

 [I 2024-04-17 15:47:16:173]  [1] YY COM: Send 52 Bytes(CMD=6[0X6]) [CSinexcelClient.cpp:406 pid:4308 tid:4314] :
AA F5 34 00 34 03 06 00 00 00 00 00 54 65 73 74 32 30 32 34 30 34 30 37 30
30 30 32 00 34 EB 00 30 A6 E3 7E 4C 64 EB 00 30 00 00 00 00 00 00 00 00 00
00 1C

[I 2024-04-17 15:59:20:993]  [1] YY COM: Recv 25 Bytes(CMD=5[0X5]) [CSinexcelClient.cpp:418 pid:433 tid:439] :
AA F5 19 00 04 07 05 00 00 00 00 00 01 0F 00 00 00 01 04 00 55 00 00 00 6F

 [I 2024-04-17 15:59:20:996]  [1] YY COM: Send 52 Bytes(CMD=6[0X6]) [CSinexcelClient.cpp:406 pid:433 tid:439] :
AA F5 34 00 34 0F 06 00 00 00 00 00 54 65 73 74 32 30 32 34 30 34 30 37 30
30 30 32 00 B5 E5 85 81 E8 AE B8 11 00 00 00 90 C3 BF 00 01 00 00 00 00 00
01 0E

[I 2024-04-17 20:13:20:558]  [1] YY COM: Recv 25 Bytes(CMD=5[0X5]) [CSinexcelClient.cpp:418 pid:12305 tid:12311] :
AA F5 19 00 04 07 05 00 00 00 00 00 01 0F 00 00 00 01 04 00 55 00 00 00 6F

 [I 2024-04-17 20:13:20:560]  [1] YY COM: Send 52 Bytes(CMD=6[0X6]) [CSinexcelClient.cpp:406 pid:12305 tid:12311] :
AA F5 34 00 34 E5 06 00 00 00 00 00 54 65 73 74 32 30 32 34 30 34 30 37 30
30 30 32 00 B5 E5 85 81 E8 AE B8 11 00 00 00 C0 63 61 00 01 00 00 00 00 00
01 80

[I 2024-04-17 20:15:21:679]  [1] YY COM: Recv 25 Bytes(CMD=5[0X5]) [CSinexcelClient.cpp:418 pid:12305 tid:12311] :
AA F5 19 00 04 0C 05 00 00 00 00 00 02 0F 00 00 00 01 04 00 55 00 00 00 70

 [I 2024-04-17 20:15:21:682]  [1] YY COM: Send 52 Bytes(CMD=6[0X6]) [CSinexcelClient.cpp:406 pid:12305 tid:12311] :
AA F5 34 00 34 F0 06 00 00 00 00 00 54 65 73 74 32 30 32 34 30 34 30 37 30
30 30 32 00 B5 E5 85 81 E8 AE B8 11 00 00 00 C0 63 61 00 02 00 00 00 00 00
01 81
 [I 2024-04-17 20:15:21:915]  [1] YY COM: Recv 25 Bytes(CMD=5[0X5]) [CSinexcelClient.cpp:418 pid:12305 tid:12311] :
AA F5 19 00 04 0D 05 00 00 00 00 00 02 0F 00 00 00 01 04 00 55 00 00 00 70

 [I 2024-04-17 20:15:21:916]  [1] YY COM: Send 52 Bytes(CMD=6[0X6]) [CSinexcelClient.cpp:406 pid:12305 tid:12311] :
AA F5 34 00 34 F1 06 00 00 00 00 00 54 65 73 74 32 30 32 34 30 34 30 37 30
30 30 32 00 B5 E5 85 81 E8 AE B8 11 00 00 00 C0 63 61 00 02 00 00 00 00 00
01 81

[I 2024-04-17 20:49:23:881]  [1] YY COM: Recv 25 Bytes(CMD=5[0X5]) [CSinexcelClient.cpp:418 pid:12305 tid:12311] :
AA F5 19 00 04 17 05 00 00 00 00 00 00 0B 00 00 00 01 04 00 55 00 00 00 6A

 [I 2024-04-17 20:49:23:924]  [1] YY COM: Send 52 Bytes(CMD=6[0X6]) [CSinexcelClient.cpp:406 pid:12305 tid:12311] :
AA F5 34 00 34 28 06 00 00 00 00 00 54 65 73 74 32 30 32 34 30 34 30 37 30
30 30 32 00 B5 E5 85 81 E8 AE B8 11 00 00 00 C0 63 61 00 00 00 00 00 00 00
00 7E

[I 2024-04-18 09:21:59:516]  [1] YY COM: Recv 113 Bytes(CMD=7[0X7]) [CSinexcelClient.cpp:419 pid:248 tid:255] :
AA F5 71 00 04 07 07 00 00 00 00 00 01 00 00 00 00 AE A9 04 00 00 00 00 00
00 00 00 00 20 24 04 18 09 21 59 FF 00 39 30 36 38 37 31 38 32 00 00 00 00
00 00 00 00 00 00 00 00 00 00 00 00 00 00 00 00 00 00 00 00 00 A0 86 01 00
32 30 32 34 30 34 31 38 30 39 32 31 35 35 32 31 35 35 33 35 00 00 00 00 00
00 00 00 00 00 00 00 00 E9 03 00 00 01

 [I 2024-04-18 09:21:59:518]  [1] YY COM: Send 82 Bytes(CMD=8[0X8]) [CSinexcelClient.cpp:407 pid:248 tid:255] :
AA F5 52 00 34 30 08 00 00 00 00 00 54 65 73 74 32 30 32 34 30 34 30 37 30
30 30 32 00 19 39 00 FF FF FF FF 11 00 00 00 80 7B 26 00 01 00 00 00 00 32
30 32 34 30 34 31 38 30 39 32 31 35 35 32 31 35 35 33 35 00 00 00 00 00 00
00 00 00 00 00 00 7E

[2024-04-17 09:31:32.49 Begin dump, RX 113 Bytes(cmd=7(0x07)), at [recvPacket() CProtocol.cpp:115 pid:727]]:
AA F5 71 00 04 07 07 00 00 00 00 00 02 00 00 00 00 95 95 03 00 00 00 00 00 
00 00 00 00 20 24 04 17 09 31 32 FF 00 39 30 36 38 37 31 38 32 00 00 00 00 
00 00 00 00 00 00 00 00 00 00 00 00 00 00 00 00 00 00 00 00 00 A0 86 01 00 
32 30 32 34 30 34 31 37 30 39 33 31 32 36 34 33 35 31 38 36 00 00 00 00 00 
00 00 00 00 00 00 00 00 E9 03 00 00 C0 

[2024-04-17 09:31:34.11 Begin dump, TX 82 Bytes(cmd=8(0x08)), at [sendPacket() CProtocol.cpp:144 pid:726]]:
AA F5 52 00 02 07 08 00 00 00 00 00 54 65 73 74 32 30 32 34 30 34 30 37 30 
30 30 46 00 00 00 00 00 00 00 00 00 00 00 00 00 00 00 00 02 01 00 00 00 32 
30 32 34 30 34 31 37 30 39 33 31 32 36 34 33 35 31 38 36 00 00 00 00 00 00 
00 00 00 00 00 00 18

[2024-04-23 15:24:55.64 Begin dump, TX 142 Bytes(cmd=106(0x6A)), at [sendPacket() CProtocol.cpp:144 pid:573]]:
AA F5 8E 00 02 00 6A 00 00 00 00 00 30 30 30 30 30 30 30 30 30 30 30 30 30 
30 32 30 00 00 00 00 00 00 00 00 00 00 00 00 00 00 00 00 00 5E 2B 00 00 75 
27 00 00 00 00 00 1E 00 00 02 3C 03 02 00 00 00 20 24 04 23 15 24 55 FF 00 
00 00 00 00 00 00 00 00 00 00 00 00 00 00 00 00 00 00 00 00 00 00 00 67 45 
8B 6B 1E 00 00 00 00 00 00 43 58 31 32 33 34 35 36 00 00 00 00 00 00 00 00 
00 00 00 00 00 00 00 00 00 00 00 00 00 00 00 00 7A 

[2024-04-23 15:25:02.32 Begin dump, RX 161 Bytes(cmd=105(0x69)), at [recvPacket() CProtocol.cpp:115 pid:576]]:
AA F5 A1 00 04 00 69 00 00 00 00 00 67 45 8B 6B 00 00 00 00 00 00 00 00 00 
00 00 00 00 00 00 00 00 00 00 00 00 00 00 00 00 00 00 00 00 00 00 00 00 00 
00 00 00 00 00 00 00 00 00 00 00 00 00 00 00 00 00 00 00 00 00 00 00 00 00 
00 00 00 00 00 00 00 00 00 00 00 00 00 00 00 00 00 00 00 00 00 00 00 00 00 
00 00 00 00 00 00 00 00 00 00 00 00 00 00 00 00 00 00 00 00 00 00 00 00 00 
00 00 00 00 00 00 00 00 00 00 00 00 00 00 00 00 00 00 00 00 00 00 00 00 00 
00 20 24 04 23 15 24 57 FF DE E3

[I 2024-04-23 14:38:51:641]  [1] YY COM: Send 142 Bytes(CMD=106[0X6A]) [CSinexcelClient.cpp:407 pid:372 tid:379] :
AA F5 8E 00 34 00 6A 00 00 00 00 00 54 65 73 74 32 30 32 34 30 34 30 37 30 
30 30 33 00 97 3D 30 28 00 00 00 69 00 00 00 68 D0 26 00 00 00 00 00 00 75 
27 00 00 00 00 02 1E 00 00 02 3C 03 00 00 00 00 20 24 04 23 14 38 51 FF 00 
00 00 00 00 00 00 00 00 00 00 00 00 00 00 00 00 00 00 00 00 00 00 00 11 00 
00 00 34 00 00 00 00 00 00 00 00 00 00 00 00 00 00 00 00 00 00 00 00 00 00 
00 00 00 00 00 00 00 00 00 00 00 00 00 00 00 00 9C 
 [I 2024-04-23 14:38:51:642]  [2] YY COM: Send 142 Bytes(CMD=106[0X6A]) [CSinexcelClient.cpp:407 pid:372 tid:379] :
AA F5 8E 00 34 00 6A 00 00 00 00 00 31 32 33 34 35 36 37 38 39 30 61 62 63 
64 65 66 00 6B 98 01 10 B4 E6 7E 21 00 00 00 01 00 00 00 00 00 00 00 00 75 
27 00 00 00 00 02 1E 00 00 02 3C 03 00 00 00 00 20 24 04 23 14 38 51 FF 00 
00 00 00 00 00 00 00 00 00 00 00 00 00 00 00 00 00 00 00 00 00 00 00 11 00 
00 00 34 00 00 00 00 00 00 00 00 00 00 00 00 00 00 00 00 00 00 00 00 00 00 
00 00 00 00 00 00 00 00 00 00 00 00 00 00 00 00 63 

 [I 2024-04-23 14:38:51:663]  [1] YY COM: Recv 161 Bytes(CMD=105[0X69]) [CSinexcelClient.cpp:419 pid:372 tid:379] :
AA F5 A1 00 04 00 69 00 00 00 00 00 11 00 00 00 00 00 00 00 00 00 00 00 00 
00 00 00 00 00 00 00 00 00 00 00 00 00 00 00 00 00 00 00 00 00 00 00 00 00 
00 00 00 00 00 00 00 00 00 00 00 00 00 00 00 00 00 00 00 00 00 00 00 00 00 
00 00 00 00 00 00 00 00 00 00 00 00 00 00 00 00 00 00 00 00 00 00 00 00 00 
00 00 00 00 00 00 00 00 00 00 00 00 00 00 00 00 00 00 00 00 00 00 00 00 00 
00 00 00 00 00 00 00 00 00 00 00 00 00 00 00 00 00 00 00 00 00 00 00 00 00 
00 20 24 04 23 14 38 52 FF DE 60

[I 2024-04-23 14:38:52:001]  [1] YY COM: Send 249 Bytes(CMD=104[0X68]) [CSinexcelClient.cpp:407 pid:372 tid:379] :
AA F5 F9 00 34 01 68 00 00 00 00 00 54 65 73 74 32 30 32 34 30 34 30 37 30 
30 30 33 00 97 3D 30 28 00 00 00 69 00 00 00 68 D0 26 00 02 01 01 00 00 00 
00 00 00 02 00 00 00 00 00 00 00 00 00 00 00 00 00 00 00 00 00 00 00 00 00 
00 00 00 00 00 00 00 00 00 00 00 00 00 00 00 00 00 00 00 00 00 00 00 00 00 
00 FA 16 00 00 00 00 00 00 00 00 00 00 00 00 00 00 00 00 00 00 00 00 00 00 
00 00 00 00 00 00 00 00 00 00 00 00 00 00 00 00 00 00 00 00 00 00 00 00 00 
00 00 00 00 00 00 00 00 00 00 00 00 00 00 00 00 00 00 00 00 00 00 00 00 00 
00 00 0A 54 4B 00 00 00 00 00 00 00 00 00 00 00 00 00 00 00 00 00 00 01 00 
00 00 00 00 00 00 00 00 00 00 00 00 00 00 00 00 00 00 00 00 00 00 00 00 00 
00 00 00 00 00 00 00 00 00 00 00 00 00 00 00 00 00 00 00 00 00 00 00 11 

 [I 2024-04-23 14:38:52:002]  [1] YY COM: Send 249 Bytes(CMD=104[0X68]) [CSinexcelClient.cpp:407 pid:372 tid:379] :
AA F5 F9 00 34 02 68 00 00 00 00 00 54 65 73 74 32 30 32 34 30 34 30 37 30 
30 30 33 00 97 3D 30 28 00 00 00 69 00 00 00 68 D0 26 00 02 02 01 00 00 00 
00 00 00 02 00 00 00 00 00 00 00 00 00 00 00 00 00 00 00 00 00 00 00 00 00 
00 00 00 00 00 00 00 00 00 00 00 00 00 00 00 00 00 00 00 00 00 00 00 00 00 
00 FD 08 00 00 00 00 00 00 00 00 00 00 00 00 00 00 00 00 00 00 00 00 00 00 
00 00 00 00 00 00 00 00 00 00 00 00 00 00 00 00 00 00 00 00 00 00 00 00 00 
00 00 00 00 00 00 00 00 00 00 00 00 00 00 00 00 00 00 00 00 00 00 00 00 00 
00 00 0A 54 4B 00 00 00 00 00 00 00 00 00 00 00 00 00 00 00 00 00 00 01 00 
00 00 00 00 00 00 00 00 00 00 00 00 00 00 00 00 00 00 00 00 00 00 00 00 00 
00 00 00 00 00 00 00 00 00 00 00 00 00 00 00 00 00 00 00 00 00 00 00 07

 [I 2024-04-23 14:38:52:512]  [1] YY COM: Recv 15 Bytes(CMD=103[0X67]) [CSinexcelClient.cpp:419 pid:372 tid:379] :
AA F5 0F 00 04 01 67 00 00 00 00 00 01 00 68 

 [I 2024-04-23 14:38:52:776]  [1] YY COM: Recv 15 Bytes(CMD=103[0X67]) [CSinexcelClient.cpp:419 pid:372 tid:379] :
AA F5 0F 00 04 02 67 00 00 00 00 00 02 00 69

[2024-04-23 15:24:57.00 Begin dump, TX 249 Bytes(cmd=104(0x68)), at [sendPacket() CProtocol.cpp:144 pid:573]]:
AA F5 F9 00 02 02 68 00 00 00 00 00 30 30 30 30 30 30 30 30 30 30 30 30 30 
30 32 30 00 00 00 00 00 00 00 00 00 00 00 00 00 00 00 00 02 01 01 00 00 00 
00 00 00 02 00 00 00 00 00 00 00 00 00 00 00 00 00 00 00 00 00 00 00 00 00 
00 00 00 00 00 00 00 00 00 00 00 00 00 00 00 00 00 00 00 00 00 00 00 00 00 
00 19 00 00 00 00 00 00 00 00 00 00 00 00 00 00 00 00 00 00 00 00 00 00 00 
00 00 00 00 00 00 00 00 00 00 00 00 00 00 00 00 00 00 00 00 00 00 00 00 00 
00 00 00 00 00 00 00 00 00 00 00 00 00 00 00 00 00 00 00 00 00 00 00 00 00 
00 00 32 32 0A 00 00 00 00 00 00 00 00 00 00 00 00 00 00 00 00 00 00 00 00 
00 00 00 00 00 00 00 00 00 00 00 00 00 00 00 00 00 00 00 00 00 00 00 00 00 
00 00 00 00 00 00 00 00 00 00 00 00 00 00 01 00 00 00 00 00 00 00 00 F8

[2024-04-23 15:25:03.85 Begin dump, RX 15 Bytes(cmd=103(0x67)), at [recvPacket() CProtocol.cpp:115 pid:576]]:
AA F5 0F 00 04 02 67 00 00 00 00 00 01 00 68

[2024-04-23 15:33:31.79 Begin dump, TX 249 Bytes(cmd=104(0x68)), at [sendPacket() CProtocol.cpp:144 pid:735]]:
AA F5 F9 00 02 55 68 00 00 00 00 00 54 65 73 74 32 30 32 34 30 34 30 37 30 
30 30 46 00 00 00 00 00 00 00 00 00 00 00 00 00 00 00 00 02 02 01 03 06 00 
00 00 00 02 23 00 00 00 00 00 00 00 00 00 00 00 70 17 64 00 70 17 64 00 02 
00 00 00 00 00 00 00 00 00 00 00 00 1C 00 84 00 00 00 20 00 00 00 4C 05 00 
00 6C 05 00 00 01 00 00 00 00 00 00 39 30 36 38 37 31 38 32 00 00 00 00 00 
00 00 00 00 00 00 00 00 00 00 00 00 00 00 00 00 00 00 00 00 20 24 04 23 15 
31 18 FF 00 00 00 00 00 00 00 00 3C 00 00 00 00 00 00 00 00 00 00 00 00 00 
00 00 0A 0A 0A 56 49 4E 30 30 54 45 53 54 30 30 32 34 30 30 30 35 00 00 32 
30 32 34 30 34 32 33 31 35 33 30 35 34 35 38 39 35 37 31 00 00 00 00 00 00 
00 00 00 00 00 00 23 00 00 00 00 00 00 00 01 00 03 00 00 00 00 00 00 0F

[2024-04-23 15:36:23.43 Begin dump, RX 15 Bytes(cmd=103(0x67)), at [recvPacket() CProtocol.cpp:115 pid:736]]:
AA F5 0F 00 04 5C 67 00 00 00 00 00 01 00 68

[I 2024-04-23 14:59:22:858]  [1] YY COM: Send 249 Bytes(CMD=104[0X68]) [CSinexcelClient.cpp:407 pid:372 tid:379] :
AA F5 F9 00 34 72 68 00 00 00 00 00 54 65 73 74 32 30 32 34 30 34 30 37 30 
30 30 33 00 97 3D 30 28 00 00 00 69 00 00 00 68 D0 26 00 02 01 01 03 07 00 
00 00 00 02 02 00 00 00 00 00 00 00 01 00 00 00 00 00 00 00 70 17 C4 09 02 
00 00 00 00 00 00 00 00 00 00 00 00 00 1B A8 00 00 00 03 00 00 00 FA 16 00 
00 FD 16 00 00 02 00 00 00 00 00 00 36 36 36 36 36 36 36 36 36 36 36 36 36 
36 36 00 00 00 00 00 00 00 00 00 00 00 00 00 00 00 00 00 00 20 24 04 23 14 
56 33 FF 00 00 00 00 00 00 00 00 00 00 00 00 00 00 00 00 00 00 00 00 00 00 
00 00 0A 55 4B 56 49 4E 54 45 53 54 32 30 32 34 30 33 30 38 30 30 00 01 31 
32 33 34 35 36 00 00 00 00 00 00 00 00 00 00 00 00 00 00 00 00 00 00 00 00 
00 00 00 00 00 00 00 00 00 00 01 00 00 00 00 00 08 01 00 00 00 00 01 E1 

 [I 2024-04-23 14:59:23:355]  [1] YY COM: Recv 15 Bytes(CMD=103[0X67]) [CSinexcelClient.cpp:419 pid:372 tid:379] :
AA F5 0F 00 04 71 67 00 00 00 00 00 01 00 68

[2024-04-23 15:36:19.92 Begin dump, RX 105 Bytes(cmd=1103(0x44F)), at [recvPacket() CProtocol.cpp:115 pid:736]]:
AA F5 69 00 04 06 4F 04 00 00 07 00 19 00 00 00 07 00 09 00 49 00 00 00 09 
00 0B 1E 6F 00 00 00 0B 1E 0E 00 49 00 00 00 0E 00 10 1E 6F 00 00 00 10 1E 
13 00 49 00 00 00 13 00 15 00 6F 00 00 00 15 00 17 00 49 00 00 00 17 00 18 
00 19 00 00 00 00 00 00 00 00 00 00 00 00 00 00 00 00 00 00 00 00 00 00 00 
00 00 00 00 76 
[2024-04-23 15:36:19.93 Begin dump, TX 10 Bytes(cmd=1104(0x450)), at [sendPacket() CProtocol.cpp:144 pid:735]]:
AA F5 0A 00 02 06 50 04 00 54

[I 2024-04-23 15:39:43:544]  [1] YY COM: Recv 105 Bytes(CMD=1103[0X44F]) [CSinexcelClient.cpp:419 pid:372 tid:379] :
AA F5 69 00 04 0E 4F 04 00 00 07 00 19 00 00 00 07 00 09 00 49 00 00 00 09 
00 0B 1E 6F 00 00 00 0B 1E 0E 00 49 00 00 00 0E 00 10 1E 6F 00 00 00 10 1E 
13 00 49 00 00 00 13 00 15 00 6F 00 00 00 15 00 17 00 49 00 00 00 17 00 18 
00 19 00 00 00 00 00 00 00 00 00 00 00 00 00 00 00 00 00 00 00 00 00 00 00 
00 00 00 00 76 
 [I 2024-04-23 15:39:43:576]  [1] YY COM: Send 10 Bytes(CMD=1104[0X450]) [CSinexcelClient.cpp:407 pid:372 tid:379] :
AA F5 0A 00 34 F5 50 04 00 54

[2024-04-23 15:36:18.81 Begin dump, TX 443 Bytes(cmd=222(0xDE)), at [sendPacket() CProtocol.cpp:144 pid:735]]:
AA F5 BB 01 02 62 DE 00 00 00 00 00 54 65 73 74 32 30 32 34 30 34 30 37 30 
30 30 46 00 00 00 00 00 00 00 00 00 00 00 00 00 00 00 00 01 02 39 30 36 38 
37 31 38 32 00 00 00 00 00 00 00 00 00 00 00 00 00 00 00 00 00 00 00 00 00 
00 00 00 20 24 04 23 15 31 18 FF 20 24 04 23 15 33 31 FF 85 00 00 00 00 06 
C8 00 00 00 43 01 00 00 00 35 00 00 43 36 00 00 23 00 00 00 01 00 00 00 00 
00 00 00 00 00 00 00 00 00 00 00 00 00 00 00 00 00 56 49 4E 30 30 54 45 53 
54 30 30 32 34 30 30 30 35 00 00 00 00 00 00 00 00 00 00 00 00 00 00 00 00 
00 00 00 00 00 00 00 00 00 00 00 00 00 00 00 00 00 00 00 00 00 00 00 00 00 
00 00 00 00 00 00 00 00 00 00 00 00 00 00 00 00 00 00 00 00 00 00 00 00 00 
00 00 00 00 00 00 00 00 00 00 00 00 00 00 00 00 00 00 00 00 00 00 00 00 00 
00 00 00 00 00 00 00 00 00 00 00 00 00 00 00 00 00 00 00 00 00 00 00 00 00 
00 00 00 00 00 00 00 00 00 00 00 00 00 00 00 00 43 01 00 00 00 00 00 00 00 
00 00 00 00 00 00 00 00 00 00 00 00 00 00 00 00 00 00 00 00 00 00 00 00 00 
00 00 00 00 00 00 00 00 00 00 00 00 00 00 00 00 00 00 00 00 00 00 00 00 00 
00 00 00 00 00 00 00 00 00 01 32 30 32 34 30 34 32 33 31 35 33 30 35 34 35 
38 39 35 37 31 00 00 00 00 00 00 00 00 00 00 00 00 00 00 00 00 03 01 02 00 
00 00 00 00 00 00 00 00 00 00 00 00 00 00 00 00 00 00 00 00 00 00 00 00 00 
00 00 00 00 00 00 00 00 00 00 00 00 00 00 00 00 00 10

[2024-04-23 15:36:19.77 Begin dump, RX 75 Bytes(cmd=221(0xDD)), at [recvPacket() CProtocol.cpp:115 pid:736]]:
AA F5 4B 00 04 62 DD 00 00 00 00 00 02 39 30 36 38 37 31 38 32 00 00 00 00 
00 00 00 00 00 00 00 00 00 00 00 00 00 00 00 00 00 00 00 00 01 00 00 00 00 
00 00 00 00 00 00 00 00 00 00 00 00 E9 03 00 00 24 00 00 00 00 00 00 00 99

[I 2024-04-23 15:27:31:671]  [1] YY COM: Send 443 Bytes(CMD=222[0XDE]) [CSinexcelClient.cpp:407 pid:372 tid:379] :
AA F5 BB 01 34 AA DE 00 00 00 00 00 54 65 73 74 32 30 32 34 30 34 30 37 30 
30 30 33 00 97 3D 30 28 00 00 00 69 00 00 00 68 D0 26 00 01 01 36 36 36 36 
36 36 36 36 36 36 36 36 36 36 36 00 80 9A 9C 01 29 00 00 00 18 00 00 00 00 
00 00 00 20 24 04 23 15 25 14 FF 20 24 04 23 15 25 46 FF 20 00 00 00 00 00 
00 00 00 00 00 00 00 00 EA E5 00 00 EA E5 00 00 00 00 00 00 08 00 00 00 00 
00 00 00 08 00 00 00 00 00 00 00 00 00 00 00 00 00 00 FF FF FF 20 5B 45 20 
18 00 00 00 51 00 00 00 30 00 FF FF FF 33 37 32 00 00 00 00 00 00 00 00 00 
00 00 00 00 00 00 00 00 00 00 00 00 00 00 00 00 00 00 00 00 00 00 00 00 00 
00 00 00 00 00 00 00 00 00 00 00 00 00 00 00 00 00 00 00 00 00 00 00 00 00 
00 00 00 00 00 00 00 00 00 00 00 00 00 00 00 00 00 00 00 00 00 00 00 00 00 
00 00 00 00 00 00 00 00 00 00 00 00 00 00 00 00 00 00 00 00 00 00 00 00 00 
00 00 00 00 00 00 00 00 00 00 00 00 00 00 00 00 00 00 00 00 00 00 00 00 00 
00 00 00 00 00 00 00 00 00 00 00 00 00 00 00 00 00 00 00 00 00 00 00 00 00 
00 00 00 00 00 00 00 00 00 00 00 00 00 00 00 00 00 00 00 00 00 00 00 00 00 
00 00 00 00 00 00 00 00 00 02 31 32 33 34 35 36 00 00 18 00 00 00 A9 00 00 
00 98 00 00 00 00 00 00 00 73 65 6C 65 63 74 20 E5 00 00 00 00 00 00 02 00 
00 00 00 00 00 00 00 00 00 00 00 00 00 00 00 00 00 00 00 00 00 00 00 00 00 
00 00 00 00 00 00 00 00 00 00 00 00 00 00 00 00 00 81

[I 2024-04-23 15:28:32:665]  [1] YY COM: Recv 75 Bytes(CMD=221[0XDD]) [CSinexcelClient.cpp:419 pid:372 tid:379] :
AA F5 4B 00 04 AA DD 00 00 00 00 00 01 36 36 36 36 36 36 36 36 36 36 36 36 
36 36 36 00 00 00 00 00 00 00 00 00 00 00 00 00 00 00 00 00 08 00 00 00 00 
00 00 00 00 00 00 00 00 00 00 00 00 00 00 00 00 00 00 00 00 00 00 00 00 10 

 [I 2024-04-24 16:33:22:904]  [1] YY COM: Recv 113 Bytes(CMD=7[0X7]) [CSinexcelClient.cpp:419 pid:19968 tid:19981] :
AA F5 71 00 04 07 07 00 00 00 00 00 01 00 00 00 00 23 FF 05 00 00 00 00 00 
00 00 00 00 20 24 04 24 16 33 23 FF 00 39 30 36 38 37 31 38 32 00 00 00 00 
00 00 00 00 00 00 00 00 00 00 00 00 00 00 00 00 00 00 00 00 00 A0 86 01 00 
32 30 32 34 30 34 32 34 31 36 33 33 30 32 34 35 39 31 39 31 00 00 00 00 00 
00 00 00 00 00 00 00 00 C5 03 00 00 9C 
 [I 2024-04-24 16:33:22:907]  [1] YY COM: Send 82 Bytes(CMD=8[0X8]) [CSinexcelClient.cpp:407 pid:19968 tid:19981] :
AA F5 52 00 34 11 08 00 00 00 00 00 54 65 73 74 32 30 32 34 30 34 30 37 30 
30 30 31 00 00 00 00 68 2D F2 01 11 00 00 00 48 71 F2 01 01 00 00 00 00 32 
30 32 34 30 34 32 34 31 36 33 33 30 32 34 35 39 31 39 31 00 00 00 00 00 00 
00 00 00 00 00 00 40 

[2024-04-23 15:31:17.71 Begin dump, RX 113 Bytes(cmd=7(0x07)), at [recvPacket() CProtocol.cpp:115 pid:736]]:
AA F5 71 00 04 08 07 00 00 00 00 00 02 00 00 00 00 EA 06 0B 00 00 00 00 00 
00 00 00 00 20 24 04 23 15 31 17 FF 00 39 30 36 38 37 31 38 32 00 00 00 00 
00 00 00 00 00 00 00 00 00 00 00 00 00 00 00 00 00 00 00 00 00 5A 00 00 00 
32 30 32 34 30 34 32 33 31 35 33 30 35 34 35 38 39 35 37 31 00 00 00 00 00 
00 00 00 00 00 00 00 00 E9 03 00 00 C0 

[2024-04-23 15:31:18.67 Begin dump, TX 82 Bytes(cmd=8(0x08)), at [sendPacket() CProtocol.cpp:144 pid:735]]:
AA F5 52 00 02 08 08 00 00 00 00 00 54 65 73 74 32 30 32 34 30 34 30 37 30 
30 30 46 00 00 00 00 00 00 00 00 00 00 00 00 00 00 00 00 02 00 00 00 00 32 
30 32 34 30 34 32 33 31 35 33 30 35 34 35 38 39 35 37 31 00 00 00 00 00 00 
00 00 00 00 00 00 19

[I 2024-04-24 16:41:23:499]  [1] YY COM: Recv 113 Bytes(CMD=7[0X7]) [CSinexcelClient.cpp:419 pid:19968 tid:19981] :
AA F5 71 00 04 0A 07 00 00 00 00 00 01 00 00 00 00 79 8B 06 00 00 00 00 00 
00 00 00 00 20 24 04 24 16 41 24 FF 00 39 30 36 38 37 31 38 32 00 00 00 00 
00 00 00 00 00 00 00 00 00 00 00 00 00 00 00 00 00 00 00 00 00 A0 86 01 00 
32 30 32 34 30 34 32 34 31 36 34 31 30 37 31 37 39 33 36 39 00 00 00 00 00 
00 00 00 00 00 00 00 00 C5 03 00 00 98 

 [I 2024-04-24 16:41:23:502]  [1] YY COM: Send 82 Bytes(CMD=8[0X8]) [CSinexcelClient.cpp:407 pid:19968 tid:19981] :
AA F5 52 00 34 41 08 00 00 00 00 00 54 65 73 74 32 30 32 34 30 34 30 37 30 
30 30 31 00 00 00 00 68 2D F2 01 11 00 00 00 48 71 F2 01 01 00 00 00 00 32 
30 32 34 30 34 32 34 31 36 34 31 30 37 31 37 39 33 36 39 00 00 00 00 00 00 
00 00 00 00 00 00 4A

[2024-04-23 15:31:02.27 Begin dump, TX 63 Bytes(cmd=102(0x66)), at [sendPacket() CProtocol.cpp:144 pid:735]]:
AA F5 3F 00 02 40 66 00 00 00 00 00 54 65 73 74 32 30 32 34 30 34 30 37 30 
30 30 46 00 00 00 00 00 00 00 00 00 00 00 00 00 00 00 00 02 00 03 00 00 00 
00 00 00 00 00 00 00 00 00 00 00 00 74 

[2024-04-23 15:31:02.34 Begin dump, RX 15 Bytes(cmd=101(0x65)), at [recvPacket() CProtocol.cpp:115 pid:736]]:
AA F5 0F 00 04 40 65 00 00 00 00 00 02 00 67

[I 2024-04-24 16:48:05:773]  [4] YY COM: Send 63 Bytes(CMD=102[0X66]) [CSinexcelClient.cpp:407 pid:19968 tid:19981] :
AA F5 3F 00 34 3B 66 00 00 00 00 00 54 65 73 74 32 30 32 34 30 34 30 37 30 
30 30 34 00 4E F6 01 28 00 00 00 61 00 00 00 50 00 00 00 00 00 00 00 00 00 
00 00 00 00 00 00 00 00 00 00 00 00 7B

[I 2024-04-24 16:48:05:805]  [3] YY COM: Recv 15 Bytes(CMD=101[0X65]) [CSinexcelClient.cpp:419 pid:19968 tid:19981] :
AA F5 0F 00 04 39 65 00 00 00 00 00 00 00 65

 [I 2024-04-24 16:34:51:282]  [1] YY COM: Send 63 Bytes(CMD=102[0X66]) [CSinexcelClient.cpp:407 pid:19968 tid:19981] :
AA F5 3F 00 34 1A 66 00 00 00 00 00 54 65 73 74 32 30 32 34 30 34 30 37 30 
30 30 31 00 00 00 00 68 2D F2 01 11 00 00 00 48 71 F2 01 00 00 03 00 00 00 
00 00 00 00 00 00 00 00 00 00 00 00 A2 

[I 2024-04-24 16:30:52:002]  [1] YY COM: Send 249 Bytes(CMD=104[0X68]) [CSinexcelClient.cpp:407 pid:19968 tid:19981] :
AA F5 F9 00 34 01 68 00 00 00 00 00 54 65 73 74 32 30 32 34 30 34 30 37 30 
30 30 31 00 00 00 00 68 2D F2 01 11 00 00 00 48 71 F2 01 02 01 01 00 00 00 
00 00 00 02 00 00 00 00 00 00 00 00 00 00 00 00 00 00 00 00 00 00 00 00 00 
00 00 00 00 00 00 00 00 00 00 00 00 00 00 00 00 00 00 00 00 00 00 00 00 00 
00 6A 17 00 00 00 00 00 00 00 00 00 00 00 00 00 00 00 00 00 00 00 00 00 00 
00 00 00 00 00 00 00 00 00 00 00 00 00 00 00 00 00 00 00 00 00 00 00 00 00 
00 00 00 00 00 00 00 00 00 00 00 00 00 00 00 00 00 00 00 00 00 00 00 00 00 
00 00 0A 56 4C 00 00 00 00 00 00 00 00 00 00 00 00 00 00 00 00 00 00 01 00 
00 00 00 00 00 00 00 00 00 00 00 00 00 00 00 00 00 00 00 00 00 00 00 00 00 
00 00 00 00 00 00 00 00 00 00 00 00 00 00 00 00 00 00 00 00 00 00 00 D5 

[I 2024-04-24 16:30:53:016]  [2] YY COM: Recv 15 Bytes(CMD=103[0X67]) [CSinexcelClient.cpp:419 pid:19968 tid:19981] :
AA F5 0F 00 04 02 67 00 00 00 00 00 02 00 69

[2024-04-23 16:40:42.68 Begin dump, TX 249 Bytes(cmd=104(0x68)), at [sendPacket() CProtocol.cpp:144 pid:735]]:
AA F5 F9 00 02 37 68 00 00 00 00 00 54 65 73 74 32 30 32 34 30 34 30 37 30 
30 30 46 00 00 00 00 00 00 00 00 00 00 00 00 00 00 00 00 02 01 01 00 00 00 
00 00 00 02 00 00 00 00 00 00 00 00 00 00 00 00 00 00 00 00 00 00 00 00 00 
00 00 00 00 00 00 00 00 00 00 00 00 00 00 00 00 00 00 00 00 00 00 00 00 00 
00 19 00 00 00 00 00 00 00 00 00 00 00 00 00 00 00 00 00 00 00 00 00 00 00 
00 00 00 00 00 00 00 00 00 00 00 00 00 00 00 00 00 00 00 00 00 00 00 00 00 
00 00 00 00 00 00 00 00 00 00 00 00 00 00 00 00 00 00 00 00 00 00 00 00 00 
00 00 32 32 0A 00 00 00 00 00 00 00 00 00 00 00 00 00 00 00 00 00 00 00 00 
00 00 00 00 00 00 00 00 00 00 00 00 00 00 00 00 00 00 00 00 00 00 00 00 00 
00 00 00 00 00 00 00 00 00 00 00 00 00 00 01 00 00 00 00 00 00 00 00 FF 

[2024-04-23 16:40:42.80 Begin dump, RX 15 Bytes(cmd=103(0x67)), at [recvPacket() CProtocol.cpp:115 pid:736]]:
AA F5 0F 00 04 37 67 00 00 00 00 00 01 00 68

[I 2024-04-24 16:30:52:003]  [1] YY COM: Send 249 Bytes(CMD=104[0X68]) [CSinexcelClient.cpp:407 pid:19968 tid:19981] :
AA F5 F9 00 34 02 68 00 00 00 00 00 54 65 73 74 32 30 32 34 30 34 30 37 30 
30 30 31 00 00 00 00 68 2D F2 01 11 00 00 00 48 71 F2 01 02 02 01 00 00 00 
00 00 00 02 00 00 00 00 00 00 00 00 00 00 00 00 00 00 00 00 00 00 00 00 00 
00 00 00 00 00 00 00 00 00 00 00 00 00 00 00 00 00 00 00 00 00 00 00 00 00 
00 1C 09 00 00 00 00 00 00 00 00 00 00 00 00 00 00 00 00 00 00 00 00 00 00 
00 00 00 00 00 00 00 00 00 00 00 00 00 00 00 00 00 00 00 00 00 00 00 00 00 
00 00 00 00 00 00 00 00 00 00 00 00 00 00 00 00 00 00 00 00 00 00 00 00 00 
00 00 0A 56 4B 00 00 00 00 00 00 00 00 00 00 00 00 00 00 00 00 00 00 01 00 
00 00 00 00 00 00 00 00 00 00 00 00 00 00 00 00 00 00 00 00 00 00 00 00 00 
00 00 00 00 00 00 00 00 00 00 00 00 00 00 00 00 00 00 00 00 00 00 00 79

[I 2024-04-24 16:47:04:636]  [1] YY COM: Send 249 Bytes(CMD=104[0X68]) [CSinexcelClient.cpp:407 pid:19968 tid:19981] :
AA F5 F9 00 34 5F 68 00 00 00 00 00 54 65 73 74 32 30 32 34 30 34 30 37 30 
30 30 31 00 00 00 00 68 2D F2 01 11 00 00 00 48 71 F2 01 02 01 01 02 11 00 
00 00 00 02 14 00 00 00 06 00 00 00 0D 00 00 00 81 17 00 00 70 17 C4 09 02 
00 00 00 00 00 00 00 00 00 00 00 00 00 18 55 01 00 00 1B 00 00 00 82 17 00 
00 9D 17 00 00 01 00 00 00 00 00 00 39 30 36 38 37 31 38 32 00 00 00 00 00 
00 00 00 00 00 00 00 00 00 00 00 00 00 00 00 00 00 00 00 00 20 24 04 24 16 
41 23 FF C5 03 00 00 00 00 00 00 00 00 00 00 00 00 00 00 00 00 00 00 00 00 
00 00 0A 56 4C 56 49 4E 54 45 53 54 32 30 32 34 30 33 30 38 30 30 00 01 32 
30 32 34 30 34 32 34 31 36 34 31 30 37 31 37 39 33 36 39 00 00 00 00 00 00 
00 00 00 00 00 00 06 00 00 00 0D 00 00 00 00 00 03 01 00 00 00 00 01 E9

[I 2024-04-24 16:35:42:326]  [2] YY COM: Send 77 Bytes(CMD=108[0X6C]) [CSinexcelClient.cpp:407 pid:19968 tid:19976] :
AA F5 4D 00 34 18 6C 00 00 00 00 00 54 65 73 74 32 30 32 34 30 34 30 37 30 
30 30 32 00 00 00 00 30 00 00 00 21 00 00 00 01 00 00 00 00 00 00 00 00 00 
00 00 00 00 00 00 00 00 00 00 00 00 00 00 00 00 00 00 00 00 00 00 00 00 00 
00 B3 



[2024-04-23 16:24:06.64 Begin dump, TX 77 Bytes(cmd=108(0x6C)), at [sendPacket() CProtocol.cpp:144 pid:735]]:
AA F5 4D 00 02 02 6C 00 00 00 00 00 54 65 73 74 32 30 32 34 30 34 30 37 30 
30 30 46 00 00 00 00 00 00 00 00 00 00 00 00 00 00 00 00 00 00 00 00 00 00 
00 00 00 00 00 00 00 00 00 00 00 00 00 00 00 00 00 00 00 00 00 00 00 00 00 
00 75 
[I 2024-04-24 16:45:02:434]  [1] YY COM: Send 204 Bytes(CMD=302[0X12E]) [CSinexcelClient.cpp:407 pid:19968 tid:19981] :
AA F5 CC 00 34 57 2E 01 00 00 00 00 10 00 01 00 54 65 73 74 32 30 32 34 30 
34 30 37 30 30 30 31 00 00 00 00 68 2D F2 01 11 00 00 00 48 71 F2 01 02 02 
00 00 00 01 E8 03 00 00 E7 03 00 00 00 00 00 00 00 00 00 00 C1 07 00 00 00 
00 00 00 4E 00 56 49 4E 54 45 53 54 32 30 32 34 30 33 30 38 30 30 00 00 00 
00 00 00 00 00 A6 27 00 00 F6 09 00 00 B0 04 00 00 06 27 00 00 76 00 00 D0 
07 00 00 01 70 17 00 00 C4 09 00 00 02 20 36 00 00 31 00 00 00 5E 01 00 00 
00 0A 00 00 1A 00 00 01 4B 02 46 03 00 00 01 00 00 00 00 00 00 00 00 00 00 
00 00 00 00 00 00 00 00 00 00 00 00 00 00 00 00 00 00 00 00 00 00 00 00 00 
00 00 00 7C

[I 2024-04-24 16:45:33:463]  [1] YY COM: Recv 13 Bytes(CMD=301[0X12D]) [CSinexcelClient.cpp:419 pid:19968 tid:19981] :
AA F5 0D 00 04 58 2D 01 00 00 00 00 2E

[2024-04-23 15:36:18.78 Begin dump, TX 204 Bytes(cmd=302(0x12E)), at [sendPacket() CProtocol.cpp:144 pid:735]]:
AA F5 CC 00 02 61 2E 01 00 00 00 00 00 00 02 00 54 65 73 74 32 30 32 34 30 
34 30 37 30 30 30 46 00 00 00 00 00 00 00 00 00 00 00 00 00 00 00 00 03 02 
01 01 00 06 E8 03 00 00 E7 03 00 00 00 00 00 00 00 00 00 00 C1 07 00 00 00 
00 00 00 4E 00 56 49 4E 30 30 54 45 53 54 30 30 32 34 30 30 30 35 00 00 00 
00 00 00 00 00 F4 01 00 00 E8 03 00 00 90 65 00 00 06 27 00 00 8B 00 00 70 
17 00 00 AA 70 17 00 00 64 00 00 00 02 00 00 00 00 64 00 00 00 00 00 00 00 
00 3C 00 1C 00 00 00 00 4B 00 46 00 00 00 00 00 00 00 01 00 00 00 00 00 00 
00 00 00 00 00 00 00 00 3C 00 5E 01 00 00 5D 01 00 00 46 4B 00 00 00 00 00 
00 00 00 CD

[2024-04-23 15:36:19.74 Begin dump, RX 13 Bytes(cmd=301(0x12D)), at [recvPacket() CProtocol.cpp:115 pid:736]]:
AA F5 0D 00 04 61 2D 01 00 00 00 00 2E 
