
[2025-08-04 14:15:09.411] [5] ccucom: Recv 104 Bytes(cmd=201[0X00C9]) [netcomHandle.cpp:619 tid:545]
AA F5 68 00 C9 00 99 5B 03 05 01 05 00 00 00 00 00 00 20 00 00 00 00 00 00
00 00 00 00 00 00 00 00 00 00 00 00 00 00 00 00 00 00 00 00 6D C5 49 02 07
00 00 00 00 00 00 00 00 00 00 00 02 2C 1B 9A A2 1C 00 FF FF 00 00 00 00 35
0C 00 00 00 00 00 00 00 00 00 00 00 00 00 00 00 00 00 00 00 00 00 00 6D C5
49 02 19 B8
[2025-08-04 14:15:09.414] [5] ccucom: Recv 104 Bytes(cmd=201[0X00C9]) [netcomHandle.cpp:619 tid:545]
AA F5 68 00 C9 00 9A 5B 03 05 01 05 00 00 00 00 00 00 20 00 00 00 00 00 00
00 00 00 00 00 00 00 00 00 00 00 00 00 00 00 00 00 00 00 00 6D C5 49 02 07
00 00 00 00 00 00 00 00 00 00 00 02 2C 1B 9A A2 1C 00 FF FF 00 00 00 00 35
0C 00 00 00 00 00 00 00 00 00 00 00 00 00 00 00 00 00 00 00 00 00 00 6D C5
49 02 1A B8
[2025-08-04 14:15:09.414] [5] ccucom: Recv 104 Bytes(cmd=201[0X00C9]) [netcomHandle.cpp:619 tid:545]
AA F5 68 00 C9 00 9B 5B 03 05 01 05 00 00 00 00 00 00 20 00 00 00 00 00 00
00 00 00 00 00 00 00 00 00 00 00 00 00 00 00 00 00 00 00 00 6D C5 49 02 07
00 00 00 00 00 00 00 00 00 00 00 02 2C 1B 9A A2 1C 00 00 00 00 00 00 00 35
0C 00 00 00 00 00 00 00 00 00 00 00 00 00 00 00 00 00 00 00 00 00 00 6D C5
49 02 1C B8
[2025-08-04 14:15:09.415] [5] ccucom: Recv 104 Bytes(cmd=201[0X00C9]) [netcomHandle.cpp:619 tid:545]
AA F5 68 00 C9 00 9C 5B 03 05 01 05 00 00 00 00 00 00 20 00 00 00 00 00 00
00 00 00 00 00 00 00 00 00 00 00 00 00 00 00 00 00 00 00 00 6D C5 49 02 07
00 00 00 00 00 00 00 00 00 00 00 02 2C 1B 9A A2 1C 00 00 00 00 00 00 00 35
0C 00 00 00 00 00 00 00 00 00 00 00 00 00 00 00 00 00 00 00 00 00 00 6D C5
49 02 1D B8
[2025-08-04 14:15:09.415] [5] ccucom: Recv 104 Bytes(cmd=201[0X00C9]) [netcomHandle.cpp:619 tid:545]
AA F5 68 00 C9 00 9D 5B 03 05 01 05 00 00 00 00 00 00 20 00 00 00 00 00 00
00 00 00 00 00 00 00 00 00 00 00 00 00 00 00 00 00 00 00 00 6D C5 49 02 07
00 00 00 00 00 00 00 00 00 00 00 02 2C 1B 9A A2 1C 00 00 00 00 00 00 00 35
0C 00 00 00 00 00 00 00 00 00 00 00 00 00 00 00 00 00 00 00 00 00 00 6D C5
49 02 1E B8
[2025-08-04 14:15:09.416] [5] ccucom: Recv 104 Bytes(cmd=201[0X00C9]) [netcomHandle.cpp:619 tid:545]
AA F5 68 00 C9 00 9E 5B 03 05 01 05 00 00 00 00 00 00 20 00 00 00 00 00 00
00 00 00 00 00 00 00 00 00 00 00 00 00 00 00 00 00 00 00 00 6D C5 49 02 07
00 00 00 00 00 00 00 00 00 00 00 02 2C 1B 9A A2 1C 00 00 00 00 00 00 00 35
0C 00 00 00 00 00 00 00 00 00 00 00 00 00 00 00 00 00 00 00 00 00 00 6D C5
49 02 1F B8
[2025-08-04 14:15:09.416] [5] ccucom: Recv 104 Bytes(cmd=201[0X00C9]) [netcomHandle.cpp:619 tid:545]
AA F5 68 00 C9 00 9F 5B 03 05 01 05 00 00 00 00 00 00 20 00 00 00 00 00 00
00 00 00 00 00 00 00 00 00 00 00 00 00 00 00 00 00 00 00 00 6D C5 49 02 07
00 00 00 00 00 00 00 00 00 00 00 02 2C 1B 9A A2 1B 00 FF FF 00 00 00 00 35
0C 00 00 00 00 00 00 00 00 00 00 00 00 00 00 00 00 00 00 00 00 00 00 6D C5
49 02 1E B8
[2025-08-04 14:15:09.442] [5] ccucom: Recv 104 Bytes(cmd=201[0X00C9]) [netcomHandle.cpp:619 tid:545]
AA F5 68 00 C9 00 A0 5B 03 05 01 05 00 00 00 00 00 00 20 00 00 00 00 00 00
00 00 00 00 00 00 00 00 00 00 00 00 00 00 00 00 00 00 00 00 6D C5 49 02 07
00 00 00 00 00 00 00 00 00 00 00 02 2C 1B 9A A2 1B 00 FF FF 00 00 00 00 35
0C 00 00 00 00 00 00 00 00 00 00 00 00 00 00 00 00 00 00 00 00 00 00 6D C5
49 02 1F B8
[2025-08-04 14:15:09.442] [5] ccucom: Recv 104 Bytes(cmd=201[0X00C9]) [netcomHandle.cpp:619 tid:545]
AA F5 68 00 C9 00 A1 5B 03 05 01 05 00 00 00 00 00 00 20 00 00 00 00 00 00
00 00 00 00 00 00 00 00 00 00 00 00 00 00 00 00 00 00 00 00 6D C5 49 02 07
00 00 00 00 00 00 00 00 00 00 00 02 2C 1B 9A A2 1B 00 00 00 00 00 00 00 35
0C 00 00 00 00 00 00 00 00 00 00 00 00 00 00 00 00 00 00 00 00 00 00 6D C5
49 02 21 B8
[2025-08-04 14:15:09.442] [5] ccucom: Recv 104 Bytes(cmd=201[0X00C9]) [netcomHandle.cpp:619 tid:545]
AA F5 68 00 C9 00 A2 5B 03 05 01 05 00 00 00 00 00 00 20 00 00 00 00 00 00
00 00 00 00 00 00 00 00 00 00 00 00 00 00 00 00 00 00 00 00 6D C5 49 02 07
00 00 00 00 00 00 00 00 00 00 00 02 2C 1B 9A A2 1B 00 00 00 00 00 00 00 35
0C 00 00 00 00 00 00 00 00 00 00 00 00 00 00 00 00 00 00 00 00 00 00 6D C5
49 02 22 B8
[2025-08-04 14:15:09.442] [5] ccucom: Recv 104 Bytes(cmd=201[0X00C9]) [netcomHandle.cpp:619 tid:545]
AA F5 68 00 C9 00 A3 5B 03 05 01 05 00 00 00 00 00 00 20 00 00 00 00 00 00
00 00 00 00 00 00 00 00 00 00 00 00 00 00 00 00 00 00 00 00 6D C5 49 02 07
00 00 00 00 00 00 00 00 00 00 00 02 2C 1B 9A A2 1B 00 00 00 00 00 00 00 35
0C 00 00 00 00 00 00 00 00 00 00 00 00 00 00 00 00 00 00 00 00 00 00 6D C5
49 02 23 B8
[2025-08-04 14:15:09.443] [5] ccucom: Recv 104 Bytes(cmd=201[0X00C9]) [netcomHandle.cpp:619 tid:545]
AA F5 68 00 C9 00 A4 5B 03 05 01 05 00 00 00 00 00 00 20 00 00 00 00 00 00
00 00 00 00 00 00 00 00 00 00 00 00 00 00 00 00 00 00 00 00 6D C5 49 02 07
00 00 00 00 00 00 00 00 00 00 00 02 2C 1B 9A A2 1B 00 00 00 00 00 00 00 35
0C 00 00 00 00 00 00 00 00 00 00 00 00 00 00 00 00 00 00 00 00 00 00 6D C5
49 02 24 B8
[2025-08-04 14:15:09.443] [5] ccucom: Recv 104 Bytes(cmd=201[0X00C9]) [netcomHandle.cpp:619 tid:545]
AA F5 68 00 C9 00 A5 5B 03 05 01 05 00 00 00 00 00 00 20 00 00 00 00 00 00
00 00 00 00 00 00 00 00 00 00 00 00 00 00 00 00 00 00 00 00 6D C5 49 02 07
00 00 00 00 00 00 00 00 00 00 00 02 2C 1B 9A A2 1B 00 00 00 00 00 00 00 35
0C 00 00 00 00 00 00 00 00 00 00 00 00 00 00 00 00 00 00 00 00 00 00 6D C5
49 02 25 B8
[2025-08-04 14:15:09.443] [5] ccucom: Recv 104 Bytes(cmd=201[0X00C9]) [netcomHandle.cpp:619 tid:545]
AA F5 68 00 C9 00 A6 5B 03 05 01 05 00 00 00 00 00 00 20 00 00 00 00 00 00
00 00 00 00 00 00 00 00 00 00 00 00 00 00 00 00 00 00 00 00 6D C5 49 02 07
00 00 00 00 00 00 00 00 00 00 00 02 2C 1B 9A A2 1B 00 00 00 00 00 00 00 35
0C 00 00 00 00 00 00 00 00 00 00 00 00 00 00 00 00 00 00 00 00 00 00 6D C5
49 02 26 B8
