
[I 2024-05-21 13:31:43:295]  [8] YW COM: Send 380 Bytes(CMD=202[0XCA]) [CMaintenanceClient.cpp:1860 pid:31460 tid:31469] :
AA F5 7C 01 10 2F CA 00 54 65 73 74 32 30 32 34 30 35 31 38 30 30 30 38 00 
00 00 00 50 1E 53 00 11 00 00 00 88 F3 56 00 01 02 39 30 36 38 37 31 38 32 
00 31 31 33 32 37 30 31 54 65 73 74 2D 00 00 00 18 00 00 00 00 00 00 00 20 
24 05 21 13 30 11 FF 20 24 05 21 13 31 38 FF 57 00 00 00 00 03 37 01 00 00 
02 00 00 00 06 00 00 00 00 00 00 00 00 56 49 4E 54 45 53 54 32 30 32 34 30 
33 30 38 30 30 01 32 30 32 34 30 35 32 31 31 33 32 39 35 37 39 31 35 32 35 
38 00 00 00 00 00 00 00 00 00 00 00 00 CF 0B 00 00 D2 0B 00 00 00 00 00 00 
01 00 00 00 06 27 30 75 30 75 2F 04 0A 23 E4 22 5E 04 00 00 00 00 00 00 00 
00 00 00 00 00 00 00 00 00 00 00 00 00 00 00 00 00 00 00 00 00 00 00 00 00 
00 00 00 00 15 01 F4 01 06 27 C4 09 B0 04 E8 03 76 5E 01 4B C4 09 00 00 00 
00 00 00 00 00 00 00 00 00 00 00 00 00 00 00 00 00 00 02 00 00 00 00 00 00 
00 00 00 00 00 00 00 00 00 00 00 00 00 00 00 00 00 00 00 00 00 00 00 00 00 
00 00 00 00 00 00 00 00 00 00 00 00 00 00 00 00 00 00 00 00 00 00 00 00 00 
00 00 00 00 00 00 00 00 00 00 00 00 00 00 00 00 00 00 00 00 00 00 00 00 00 
00 00 00 00 00 00 00 00 00 00 00 00 00 CF 0B 00 00 D2 0B 00 00 00 00 00 00 
00 00 00 00 02
[I 2024-05-21 13:31:44:842]  [8] YW COM: Recv 42 Bytes(CMD=201[0XC9]) [CMaintenanceClient.cpp:1991 pid:31460 tid:31469] :
AA F5 2A 00 04 2F C9 00 02 32 30 32 34 30 35 32 31 31 33 32 39 35 37 39 31 
35 32 35 38 00 00 00 00 00 00 00 00 00 00 00 00 D4 

 [I 2024-05-21 11:41:22:823]  [8] YW COM: Send 109 Bytes(CMD=304[0X130]) [CMaintenanceClient.cpp:1860 pid:30931 tid:30951] :
AA F5 6D 00 10 0A 30 01 01 32 34 30 35 32 31 31 31 34 31 30 33 54 65 73 74 
32 30 32 34 30 34 30 37 30 30 30 38 47 31 00 00 02 00 00 00 05 E8 03 E7 03 
00 00 00 00 00 00 00 00 C1 07 00 00 00 00 00 00 4E 00 56 49 4E 54 45 53 54 
32 30 32 34 30 33 30 38 30 30 00 00 00 00 00 00 00 00 F4 01 C4 09 58 1B 06 
27 7D 32 00 E4 0C 01 AA BB 

[I 2024-05-21 11:52:43:890]  [8] YW COM: Send 109 Bytes(CMD=304[0X130]) [CMaintenanceClient.cpp:1860 pid:7101 tid:7109] :
AA F5 6D 00 10 0A 30 01 01 32 34 30 35 32 31 31 31 35 32 32 33 54 65 73 74 
32 30 32 34 30 34 30 37 30 30 30 38 47 31 00 00 02 00 00 00 05 E8 03 E7 03 
00 00 00 00 00 00 00 00 C1 07 00 00 00 00 00 00 4E 00 56 49 4E 54 45 53 54 
32 30 32 34 30 33 30 38 30 30 00 00 00 00 00 00 00 00 F4 01 C4 09 58 1B 06 
27 7D 32 00 E4 0C 01 AA BF 

[I 2024-05-22 09:42:11:927]  [8] YW COM: Send 70 Bytes(CMD=306[0X132]) [CMaintenanceClient.cpp:1860 pid:28232 tid:28245] :
AA F5 46 00 10 49 32 01 01 32 30 32 34 30 35 32 32 30 39 34 30 32 31 31 39 
36 37 39 32 00 00 00 00 00 00 00 00 00 00 00 00 02 70 17 C4 09 02 87 17 3B 
00 5E 01 00 19 00 03 01 4B 02 46 03 00 00 01 00 00 00 00 7B

[I 2024-05-22 09:43:22:205]  [8] YW COM: Send 47 Bytes(CMD=310[0X136]) [CMaintenanceClient.cpp:1860 pid:28232 tid:28245] :
AA F5 2F 00 10 51 36 01 01 32 30 32 34 30 35 32 32 30 39 34 30 32 31 31 39 
36 37 39 32 00 00 00 00 00 00 00 00 00 00 00 00 03 00 00 00 00 3E 

[I 2024-05-22 09:43:22:206]  [8] YW COM: Send 58 Bytes(CMD=312[0X138]) [CMaintenanceClient.cpp:1860 pid:28232 tid:28245] :
AA F5 3A 00 10 52 38 01 01 32 30 32 34 30 35 32 32 30 39 34 30 32 31 31 39 
36 37 39 32 00 00 00 00 00 00 00 00 00 00 00 00 03 30 00 00 00 00 00 00 00 
00 00 00 00 00 00 00 70 

[I 2024-05-22 11:36:30:727]  [9] YW COM: Recv 107 Bytes(CMD=1406[0X57E]) [CMaintenanceClient.cpp:1992 pid:16126 tid:16141] :
AA F5 6B 00 04 00 7E 05 01 31 32 30 2E 37 38 2E 31 38 34 2E 31 36 35 00 00 
00 00 00 00 00 00 00 00 00 00 00 00 00 00 00 00 66 74 70 75 73 65 72 00 00 
00 00 00 00 00 00 00 66 74 70 75 73 65 72 31 32 33 2E 00 00 00 00 00 2F 6C 
6F 67 73 00 00 00 00 00 00 00 00 00 00 00 00 00 00 00 00 00 00 00 00 00 00 
00 00 00 00 00 01 04 

 [I 2024-05-22 11:36:30:758]  [9] YW COM: Send 10 Bytes(CMD=1407[0X57F]) [CMaintenanceClient.cpp:1860 pid:16126 tid:16141] :
AA F5 0A 00 10 1A 7F 05 00 84

[I 2024-05-22 09:09:07:741]  [10] YW COM: Send 185 Bytes(CMD=120[0X78]) [CMaintenanceClient.cpp:1860 pid:28232 tid:28245] :
AA F5 B9 00 10 04 78 00 0A 00 00 00 00 00 00 00 00 00 0B 00 00 0B 00 00 00 
00 00 00 00 00 00 00 00 00 00 00 00 00 00 00 00 00 00 00 00 00 00 00 00 00 
00 00 00 00 00 00 00 00 00 00 00 00 00 00 00 00 00 00 00 00 00 00 00 00 00 
00 00 00 00 00 00 00 00 00 00 00 00 00 00 00 00 00 00 00 00 00 00 00 00 00 
00 00 00 00 00 00 00 00 00 00 00 00 00 00 00 00 00 00 00 00 00 00 00 00 00 
00 00 00 00 00 00 00 00 00 00 00 00 00 00 00 00 00 00 00 00 00 00 00 00 00 
00 00 00 00 00 00 00 00 00 00 00 00 00 00 00 00 00 00 00 00 00 00 00 00 00 
00 00 00 00 00 00 00 00 00 98 
 [I 2024-05-22 09:09:07:749]  [10] YW COM: Send 185 Bytes(CMD=120[0X78]) [CMaintenanceClient.cpp:1860 pid:28232 tid:28245] :
AA F5 B9 00 10 05 78 00 0A 00 00 00 00 00 00 00 00 00 0B 00 00 0B 00 00 00 
00 00 00 00 00 00 00 00 00 00 00 00 00 00 00 00 00 00 00 00 00 00 00 00 00 
00 00 00 00 00 00 00 00 00 00 00 00 00 00 00 00 00 00 00 00 00 00 00 00 00 
00 00 00 00 00 00 00 00 00 00 00 00 00 00 00 00 00 00 00 00 00 00 00 00 00 
00 00 00 00 00 00 00 00 00 00 00 00 00 00 00 00 00 00 00 00 00 00 00 00 00 
00 00 00 00 00 00 00 00 00 00 00 00 00 00 00 00 00 00 00 00 00 00 00 00 00 
00 00 00 00 00 00 00 00 00 00 00 00 00 00 00 00 00 00 00 00 00 00 00 00 00 
00 00 00 00 00 00 00 00 00 98 

 [I 2024-05-24 09:34:57:774]  [10] YW COM: Send 42 Bytes(CMD=112[0X70]) [CMaintenanceClient.cpp:1956 pid:25491 tid:25504] :
AA F5 2A 00 10 CF 70 00 20 00 25 00 00 25 00 00 25 00 00 00 00 00 00 00 00 
00 00 00 00 00 00 00 00 00 00 00 00 00 00 00 00 FF 
 [I 2024-05-24 09:34:57:775]  [11] YW COM: Send 42 Bytes(CMD=112[0X70]) [CMaintenanceClient.cpp:1956 pid:25491 tid:25504] :
AA F5 2A 00 10 CE 70 00 20 00 25 00 00 25 00 00 25 00 00 00 00 00 00 00 00 
00 00 00 00 00 00 00 00 00 00 00 00 00 00 00 00 FF 
 [I 2024-05-24 09:34:57:777]  [12] YW COM: Send 42 Bytes(CMD=112[0X70]) [CMaintenanceClient.cpp:1956 pid:25491 tid:25504] :
AA F5 2A 00 10 CA 70 00 20 00 25 00 00 25 00 00 25 00 00 00 00 00 00 00 00 
00 00 00 00 00 00 00 00 00 00 00 00 00 00 00 00 FF 
 [I 2024-05-24 09:34:58:831]  [1] YW COM: Send 42 Bytes(CMD=112[0X70]) [CMaintenanceClient.cpp:1956 pid:25491 tid:25504] :
AA F5 2A 00 10 93 70 00 20 00 25 00 00 25 00 00 25 00 00 00 00 00 00 00 00 
00 00 00 00 00 00 00 00 00 00 00 00 00 00 00 00 FF 

[I 2024-05-24 16:08:46:677]  [7] YW COM: Send 42 Bytes(CMD=112[0X70]) [CMaintenanceClient.cpp:2170 pid:2301 tid:2314] :
AA F5 2A 00 10 B5 70 00 20 49 00 00 00 00 00 00 00 48 00 00 00 00 00 00 00 
4D 00 00 00 00 00 00 00 48 00 07 00 FF 00 00 00 BC